<?xml version="1.0" encoding="UTF-8"?>
<testng-results skipped="0" failed="0" total="1" passed="1">
  <reporter-output>
  </reporter-output>
  <suite name="Surefire suite" duration-ms="123" started-at="2018-04-27T06:43:05Z" finished-at="2018-04-27T06:43:06Z">
    <groups>
    </groups>
    <test name="Surefire test" duration-ms="123" started-at="2018-04-27T06:43:05Z" finished-at="2018-04-27T06:43:06Z">
      <class name="cn.testutils.service.RRServiceTest">
        <test-method status="PASS" signature="fun()[pri:0, instance:cn.testutils.service.RRServiceTest@735f7ae5]" name="fun" duration-ms="113" started-at="2018-04-27T14:43:05Z" finished-at="2018-04-27T14:43:06Z">
          <reporter-output>
          </reporter-output>
        </test-method> <!-- fun -->
      </class> <!-- cn.testutils.service.RRServiceTest -->
    </test> <!-- Surefire test -->
  </suite> <!-- Surefire suite -->
</testng-results>
