<?xml version="1.0" encoding="UTF-8"?>
<testng-results skipped="0" failed="0" total="1" passed="1">
  <reporter-output>
  </reporter-output>
  <suite name="Surefire suite" duration-ms="75" started-at="2018-04-27T06:31:03Z" finished-at="2018-04-27T06:31:03Z">
    <groups>
    </groups>
    <test name="Surefire test" duration-ms="75" started-at="2018-04-27T06:31:03Z" finished-at="2018-04-27T06:31:03Z">
      <class name="cn.testutils.AppTest">
        <test-method status="PASS" signature="shouldAnswerWithTrue()[pri:0, instance:shouldAnswerWithTrue(cn.testutils.AppTest)]" name="shouldAnswerWithTrue" duration-ms="6" started-at="2018-04-27T14:31:03Z" finished-at="2018-04-27T14:31:03Z">
          <reporter-output>
          </reporter-output>
        </test-method> <!-- shouldAnswerWithTrue -->
      </class> <!-- cn.testutils.AppTest -->
    </test> <!-- Surefire test -->
  </suite> <!-- Surefire suite -->
</testng-results>
