<?xml version="1.0" encoding="UTF-8"?>
<testng-results skipped="0" failed="0" total="1" passed="1">
  <reporter-output>
  </reporter-output>
  <suite name="cn.testutils.service.RRServiceTest" duration-ms="172" started-at="2018-04-27T06:42:59Z" finished-at="2018-04-27T06:43:00Z">
    <groups>
    </groups>
    <test name="Command line test" duration-ms="172" started-at="2018-04-27T06:42:59Z" finished-at="2018-04-27T06:43:00Z">
      <class name="cn.testutils.service.RRServiceTest">
        <test-method status="PASS" signature="fun()[pri:0, instance:cn.testutils.service.RRServiceTest@5f2050f6]" name="fun" duration-ms="157" started-at="2018-04-27T14:42:59Z" finished-at="2018-04-27T14:43:00Z">
          <reporter-output>
          </reporter-output>
        </test-method> <!-- fun -->
      </class> <!-- cn.testutils.service.RRServiceTest -->
    </test> <!-- Command line test -->
  </suite> <!-- cn.testutils.service.RRServiceTest -->
</testng-results>
