<?xml version="1.0" encoding="UTF-8"?>
<testng-results skipped="0" failed="0" total="0" passed="0">
  <reporter-output>
  </reporter-output>
  <suite name="cn.testutils.AppTest" duration-ms="4" started-at="2018-04-27T06:42:58Z" finished-at="2018-04-27T06:42:58Z">
    <groups>
    </groups>
    <test name="Command line test" duration-ms="4" started-at="2018-04-27T06:42:58Z" finished-at="2018-04-27T06:42:58Z">
    </test> <!-- Command line test -->
  </suite> <!-- cn.testutils.AppTest -->
</testng-results>
